mode: set
probeHTTP/main.go:81.13,102.2 19 1
probeHTTP/main.go:104.13,109.28 3 0
probeHTTP/main.go:109.28,111.17 2 0
probeHTTP/main.go:111.17,114.4 2 0
probeHTTP/main.go:115.3,116.21 2 0
probeHTTP/main.go:117.8,119.3 1 0
probeHTTP/main.go:122.2,123.29 2 0
probeHTTP/main.go:123.29,125.17 2 0
probeHTTP/main.go:125.17,128.4 2 0
probeHTTP/main.go:129.3,130.22 2 0
probeHTTP/main.go:131.8,133.3 1 0
probeHTTP/main.go:136.2,140.32 3 0
probeHTTP/main.go:140.32,143.3 2 0
probeHTTP/main.go:146.2,149.30 2 0
probeHTTP/main.go:149.30,151.17 2 0
probeHTTP/main.go:151.17,152.22 1 0
probeHTTP/main.go:152.22,154.5 1 0
probeHTTP/main.go:155.4,155.12 1 0
probeHTTP/main.go:157.3,157.47 1 0
probeHTTP/main.go:162.42,165.21 3 1
probeHTTP/main.go:165.21,167.50 2 1
probeHTTP/main.go:167.50,169.4 1 1
probeHTTP/main.go:171.2,171.13 1 1
probeHTTP/main.go:175.69,181.35 4 1
probeHTTP/main.go:181.35,184.3 2 1
probeHTTP/main.go:187.2,187.12 1 1
probeHTTP/main.go:187.12,188.28 1 1
probeHTTP/main.go:188.28,190.4 1 1
probeHTTP/main.go:191.3,191.17 1 1
probeHTTP/main.go:195.2,195.12 1 1
probeHTTP/main.go:195.12,198.3 2 1
probeHTTP/main.go:200.2,200.16 1 1
probeHTTP/main.go:204.81,209.29 3 1
probeHTTP/main.go:209.29,212.3 2 1
probeHTTP/main.go:216.38,221.29 2 1
probeHTTP/main.go:221.29,222.77 1 1
probeHTTP/main.go:222.77,224.4 1 1
probeHTTP/main.go:225.8,226.77 1 1
probeHTTP/main.go:226.77,227.39 1 1
probeHTTP/main.go:227.39,229.5 1 1
probeHTTP/main.go:230.4,230.14 1 1
probeHTTP/main.go:234.2,234.15 1 1
probeHTTP/main.go:238.65,246.89 2 1
probeHTTP/main.go:246.89,248.3 1 1
probeHTTP/main.go:251.2,252.16 2 1
probeHTTP/main.go:252.16,254.21 2 1
probeHTTP/main.go:254.21,256.4 1 0
probeHTTP/main.go:257.3,257.16 1 1
probeHTTP/main.go:261.2,265.16 4 1
probeHTTP/main.go:265.16,267.21 2 1
probeHTTP/main.go:267.21,269.4 1 0
probeHTTP/main.go:270.3,270.16 1 1
probeHTTP/main.go:272.2,276.16 3 1
probeHTTP/main.go:276.16,278.21 2 0
probeHTTP/main.go:278.21,280.4 1 0
probeHTTP/main.go:281.3,281.16 1 0
probeHTTP/main.go:285.2,304.23 14 1
probeHTTP/main.go:304.23,306.3 1 1
probeHTTP/main.go:309.2,310.16 2 1
probeHTTP/main.go:310.16,311.31 1 1
probeHTTP/main.go:311.31,313.4 1 1
probeHTTP/main.go:313.9,315.4 1 0
probeHTTP/main.go:317.2,324.15 5 1
probeHTTP/main.go:328.40,331.2 2 1
probeHTTP/main.go:334.54,337.25 2 1
probeHTTP/main.go:337.25,339.3 1 1
probeHTTP/main.go:340.2,344.25 3 1
probeHTTP/main.go:344.25,345.32 1 1
probeHTTP/main.go:345.32,350.4 4 1
probeHTTP/main.go:353.2,353.50 1 1
probeHTTP/main.go:357.39,359.16 2 1
probeHTTP/main.go:359.16,361.3 1 0
probeHTTP/main.go:363.2,365.32 3 1
probeHTTP/main.go:365.32,366.54 1 1
probeHTTP/main.go:366.54,367.27 1 1
probeHTTP/main.go:367.27,369.5 1 1
probeHTTP/main.go:370.4,370.10 1 1
probeHTTP/main.go:372.3,372.54 1 1
probeHTTP/main.go:372.54,373.19 1 1
probeHTTP/main.go:373.19,375.5 1 1
probeHTTP/main.go:376.4,376.15 1 1
probeHTTP/main.go:379.2,381.33 2 1
probeHTTP/main.go:385.61,387.16 2 1
probeHTTP/main.go:387.16,389.3 1 1
probeHTTP/main.go:392.2,394.21 3 1
probeHTTP/main.go:394.21,396.3 1 1
probeHTTP/main.go:398.2,398.21 1 1
probeHTTP/main.go:406.54,407.19 1 1
probeHTTP/main.go:407.19,409.3 1 1
probeHTTP/main.go:411.2,414.29 3 1
probeHTTP/main.go:414.29,416.17 2 1
probeHTTP/main.go:416.17,417.12 1 1
probeHTTP/main.go:421.3,421.34 1 1
probeHTTP/main.go:421.34,423.28 2 1
probeHTTP/main.go:423.28,425.5 1 1
probeHTTP/main.go:427.4,428.18 2 1
probeHTTP/main.go:428.18,430.5 1 1
probeHTTP/main.go:432.4,433.18 2 1
probeHTTP/main.go:433.18,435.5 1 0
probeHTTP/main.go:438.4,438.34 1 1
probeHTTP/main.go:438.34,440.5 1 1
probeHTTP/main.go:441.4,441.30 1 1
probeHTTP/main.go:441.30,443.5 1 1
probeHTTP/main.go:444.4,444.19 1 1
probeHTTP/main.go:444.19,446.5 1 1
probeHTTP/main.go:449.4,449.43 1 1
probeHTTP/main.go:449.43,451.5 1 1
probeHTTP/main.go:452.9,455.18 2 1
probeHTTP/main.go:455.18,457.5 1 1
probeHTTP/main.go:460.4,460.32 1 1
probeHTTP/main.go:460.32,462.5 1 1
probeHTTP/main.go:464.4,464.24 1 1
probeHTTP/main.go:469.2,469.23 1 1
probeHTTP/main.go:469.23,471.3 1 1
probeHTTP/main.go:474.2,475.28 2 1
probeHTTP/main.go:475.28,477.3 1 1
probeHTTP/main.go:480.2,480.40 1 1
probeHTTP/main.go:480.40,484.3 3 1
probeHTTP/main.go:486.2,486.19 1 1
probeHTTP/main.go:490.47,502.15 5 1
probeHTTP/main.go:502.15,505.17 2 1
probeHTTP/main.go:505.17,509.4 2 0
probeHTTP/main.go:511.3,516.19 4 1
probeHTTP/main.go:516.19,518.4 1 1
probeHTTP/main.go:519.3,519.23 1 1
probeHTTP/main.go:519.23,521.4 1 1
probeHTTP/main.go:522.3,522.23 1 1
probeHTTP/main.go:522.23,524.4 1 1
probeHTTP/main.go:525.8,534.21 5 1
probeHTTP/main.go:534.21,536.4 1 0
probeHTTP/main.go:537.3,537.50 1 1
probeHTTP/main.go:537.50,539.4 1 0
probeHTTP/main.go:540.3,540.56 1 1
probeHTTP/main.go:540.56,542.4 1 0
probeHTTP/main.go:544.3,546.34 3 1
probeHTTP/main.go:546.34,548.4 1 0
probeHTTP/main.go:551.3,551.38 1 1
probeHTTP/main.go:551.38,556.84 4 1
probeHTTP/main.go:556.84,558.5 1 1
probeHTTP/main.go:558.10,561.5 1 0
probeHTTP/main.go:562.9,564.4 1 1
probeHTTP/main.go:567.3,567.17 1 1
probeHTTP/main.go:567.17,569.4 1 0
probeHTTP/main.go:572.2,572.15 1 1
probeHTTP/main.go:576.50,578.23 1 1
probeHTTP/main.go:578.23,580.3 1 1
probeHTTP/main.go:583.2,583.25 1 1
probeHTTP/main.go:583.25,585.3 1 1
probeHTTP/main.go:588.2,588.32 1 1
probeHTTP/main.go:592.63,594.30 1 1
probeHTTP/main.go:594.30,596.17 2 1
probeHTTP/main.go:596.17,597.22 1 1
probeHTTP/main.go:597.22,599.5 1 0
probeHTTP/main.go:601.9,603.4 1 1
probeHTTP/main.go:607.2,607.24 1 1
probeHTTP/main.go:607.24,608.24 1 1
probeHTTP/main.go:608.24,610.4 1 1
probeHTTP/main.go:611.3,611.26 1 1
probeHTTP/main.go:615.2,615.23 1 1
probeHTTP/main.go:615.23,617.3 1 1
probeHTTP/main.go:620.2,620.23 1 1
probeHTTP/main.go:620.23,622.3 1 1
probeHTTP/main.go:623.2,623.23 1 1
probeHTTP/main.go:627.43,634.33 5 1
probeHTTP/main.go:634.33,637.30 2 1
probeHTTP/main.go:637.30,643.23 2 1
probeHTTP/main.go:643.23,646.5 2 1
probeHTTP/main.go:650.2,650.13 1 1
